<?xml version="1.0" encoding="UTF-8"?>
<testsuite name="com.example.consumerapp.ExampleUnitTest" tests="1" skipped="0" failures="0" errors="0" timestamp="2020-07-01T03:30:43" hostname="DESKTOP-Q54VB56" time="0.001">
  <properties/>
  <testcase name="addition_isCorrect" classname="com.example.consumerapp.ExampleUnitTest" time="0.001"/>
  <system-out><![CDATA[]]></system-out>
  <system-err><![CDATA[]]></system-err>
</testsuite>
